<?xml version="1.0" encoding="UTF-8"?>
<testsuite name="com.jojoldu.book.springboot.web.IndexControllerTest" tests="1" skipped="0" failures="0" errors="0" timestamp="2020-05-28T13:51:07" hostname="doo" time="0.397">
  <properties/>
  <testcase name="메인페이지_로딩" classname="com.jojoldu.book.springboot.web.IndexControllerTest" time="0.397"/>
  <system-out><![CDATA[2020-05-28 22:51:04.113  INFO 2220 --- [    Test worker] .b.t.c.SpringBootTestContextBootstrapper : Neither @ContextConfiguration nor @ContextHierarchy found for test class [com.jojoldu.book.springboot.web.IndexControllerTest], using SpringBootContextLoader
2020-05-28 22:51:04.115  INFO 2220 --- [    Test worker] o.s.t.c.support.AbstractContextLoader    : Could not detect default resource locations for test class [com.jojoldu.book.springboot.web.IndexControllerTest]: no resource found for suffixes {-context.xml, Context.groovy}.
2020-05-28 22:51:04.115  INFO 2220 --- [    Test worker] t.c.s.AnnotationConfigContextLoaderUtils : Could not detect default configuration classes for test class [com.jojoldu.book.springboot.web.IndexControllerTest]: IndexControllerTest does not declare any static, non-private, non-final, nested classes annotated with @Configuration.
2020-05-28 22:51:04.117  INFO 2220 --- [    Test worker] .b.t.c.SpringBootTestContextBootstrapper : Found @SpringBootConfiguration com.jojoldu.book.springboot.Application for test class com.jojoldu.book.springboot.web.IndexControllerTest
2020-05-28 22:51:04.118  INFO 2220 --- [    Test worker] .b.t.c.SpringBootTestContextBootstrapper : Loaded default TestExecutionListener class names from location [META-INF/spring.factories]: [org.springframework.security.test.context.support.WithSecurityContextTestExecutionListener, org.springframework.security.test.context.support.ReactorContextTestExecutionListener, org.springframework.boot.test.autoconfigure.restdocs.RestDocsTestExecutionListener, org.springframework.boot.test.autoconfigure.web.client.MockRestServiceServerResetTestExecutionListener, org.springframework.boot.test.autoconfigure.web.servlet.MockMvcPrintOnlyOnFailureTestExecutionListener, org.springframework.boot.test.autoconfigure.web.servlet.WebDriverTestExecutionListener, org.springframework.boot.test.mock.mockito.MockitoTestExecutionListener, org.springframework.boot.test.mock.mockito.ResetMocksTestExecutionListener, org.springframework.test.context.web.ServletTestExecutionListener, org.springframework.test.context.support.DirtiesContextBeforeModesTestExecutionListener, org.springframework.test.context.support.DependencyInjectionTestExecutionListener, org.springframework.test.context.support.DirtiesContextTestExecutionListener, org.springframework.test.context.transaction.TransactionalTestExecutionListener, org.springframework.test.context.jdbc.SqlScriptsTestExecutionListener]
2020-05-28 22:51:04.119  INFO 2220 --- [    Test worker] .b.t.c.SpringBootTestContextBootstrapper : Using TestExecutionListeners: [org.springframework.test.context.web.ServletTestExecutionListener@18c0774, org.springframework.test.context.support.DirtiesContextBeforeModesTestExecutionListener@186e734, org.springframework.boot.test.mock.mockito.MockitoTestExecutionListener@1763961, org.springframework.boot.test.autoconfigure.SpringBootDependencyInjectionTestExecutionListener@17f02bd, org.springframework.test.context.support.DirtiesContextTestExecutionListener@4d0501, org.springframework.test.context.transaction.TransactionalTestExecutionListener@80fabb, org.springframework.test.context.jdbc.SqlScriptsTestExecutionListener@5f7f7b, org.springframework.security.test.context.support.WithSecurityContextTestExecutionListener@176fae7, org.springframework.security.test.context.support.ReactorContextTestExecutionListener@1459f45, org.springframework.boot.test.autoconfigure.restdocs.RestDocsTestExecutionListener@5befb4, org.springframework.boot.test.autoconfigure.web.client.MockRestServiceServerResetTestExecutionListener@12ae263, org.springframework.boot.test.autoconfigure.web.servlet.MockMvcPrintOnlyOnFailureTestExecutionListener@15195e3, org.springframework.boot.test.autoconfigure.web.servlet.WebDriverTestExecutionListener@f992fb, org.springframework.boot.test.mock.mockito.ResetMocksTestExecutionListener@170f61f]

  .   ____          _            __ _ _
 /\\ / ___'_ __ _ _(_)_ __  __ _ \ \ \ \
( ( )\___ | '_ | '_| | '_ \/ _` | \ \ \ \
 \\/  ___)| |_)| | | | | || (_| |  ) ) ) )
  '  |____| .__|_| |_|_| |_\__, | / / / /
 =========|_|==============|___/=/_/_/_/
 :: Spring Boot ::        (v2.1.7.RELEASE)

2020-05-28 22:51:04.179  INFO 2220 --- [    Test worker] c.j.b.s.web.IndexControllerTest          : Starting IndexControllerTest on doo with PID 2220 (started by 이두영 in C:\Users\이두영\IdeaProjects\freelec-springboot2-webservice)
2020-05-28 22:51:04.179  INFO 2220 --- [    Test worker] c.j.b.s.web.IndexControllerTest          : No active profile set, falling back to default profiles: default
2020-05-28 22:51:04.480  INFO 2220 --- [    Test worker] .s.d.r.c.RepositoryConfigurationDelegate : Bootstrapping Spring Data repositories in DEFAULT mode.
2020-05-28 22:51:04.524  INFO 2220 --- [    Test worker] .s.d.r.c.RepositoryConfigurationDelegate : Finished Spring Data repository scanning in 44ms. Found 2 repository interfaces.
2020-05-28 22:51:04.666  INFO 2220 --- [    Test worker] trationDelegate$BeanPostProcessorChecker : Bean 'org.springframework.transaction.annotation.ProxyTransactionManagementConfiguration' of type [org.springframework.transaction.annotation.ProxyTransactionManagementConfiguration$$EnhancerBySpringCGLIB$$5ee2c2d0] is not eligible for getting processed by all BeanPostProcessors (for example: not eligible for auto-proxying)
2020-05-28 22:51:05.135  INFO 2220 --- [    Test worker] o.s.b.w.embedded.tomcat.TomcatWebServer  : Tomcat initialized with port(s): 0 (http)
2020-05-28 22:51:05.195  INFO 2220 --- [    Test worker] o.apache.catalina.core.StandardService   : Starting service [Tomcat]
2020-05-28 22:51:05.196  INFO 2220 --- [    Test worker] org.apache.catalina.core.StandardEngine  : Starting Servlet engine: [Apache Tomcat/9.0.22]
2020-05-28 22:51:05.564  INFO 2220 --- [    Test worker] o.a.c.c.C.[Tomcat].[localhost].[/]       : Initializing Spring embedded WebApplicationContext
2020-05-28 22:51:05.565  INFO 2220 --- [    Test worker] o.s.web.context.ContextLoader            : Root WebApplicationContext: initialization completed in 1383 ms
2020-05-28 22:51:05.795  INFO 2220 --- [    Test worker] com.zaxxer.hikari.HikariDataSource       : HikariPool-2 - Starting...
2020-05-28 22:51:05.862  INFO 2220 --- [    Test worker] com.zaxxer.hikari.HikariDataSource       : HikariPool-2 - Start completed.
2020-05-28 22:51:05.918  INFO 2220 --- [    Test worker] o.hibernate.jpa.internal.util.LogHelper  : HHH000204: Processing PersistenceUnitInfo [
	name: default
	...]
2020-05-28 22:51:05.934  INFO 2220 --- [    Test worker] org.hibernate.dialect.Dialect            : HHH000400: Using dialect: org.hibernate.dialect.MySQL5InnoDBDialect
2020-05-28 22:51:05.998  INFO 2220 --- [    Test worker] j.LocalContainerEntityManagerFactoryBean : Initialized JPA EntityManagerFactory for persistence unit 'default'
2020-05-28 22:51:06.538  INFO 2220 --- [    Test worker] o.h.h.i.QueryTranslatorFactoryInitiator  : HHH000397: Using ASTQueryTranslatorFactory
2020-05-28 22:51:06.768  INFO 2220 --- [    Test worker] o.s.s.web.DefaultSecurityFilterChain     : Creating filter chain: any request, [org.springframework.security.web.context.request.async.WebAsyncManagerIntegrationFilter@9d0b9b, org.springframework.security.web.context.SecurityContextPersistenceFilter@10f2900, org.springframework.security.web.header.HeaderWriterFilter@1d89b20, org.springframework.security.web.authentication.logout.LogoutFilter@b71e79, org.springframework.security.oauth2.client.web.OAuth2AuthorizationRequestRedirectFilter@34fa27, org.springframework.security.oauth2.client.web.OAuth2LoginAuthenticationFilter@1e326d1, org.springframework.security.web.authentication.ui.DefaultLoginPageGeneratingFilter@b46886, org.springframework.security.web.authentication.ui.DefaultLogoutPageGeneratingFilter@87b6d0, org.springframework.security.web.savedrequest.RequestCacheAwareFilter@5166a1, org.springframework.security.web.servletapi.SecurityContextHolderAwareRequestFilter@191ea10, org.springframework.security.web.authentication.AnonymousAuthenticationFilter@1cd81e5, org.springframework.security.web.session.SessionManagementFilter@1e7ceba, org.springframework.security.web.access.ExceptionTranslationFilter@1cf439b, org.springframework.security.web.access.intercept.FilterSecurityInterceptor@6514ec]
2020-05-28 22:51:07.038  INFO 2220 --- [    Test worker] o.s.s.concurrent.ThreadPoolTaskExecutor  : Initializing ExecutorService 'applicationTaskExecutor'
2020-05-28 22:51:07.058  WARN 2220 --- [    Test worker] aWebConfiguration$JpaWebMvcConfiguration : spring.jpa.open-in-view is enabled by default. Therefore, database queries may be performed during view rendering. Explicitly configure spring.jpa.open-in-view to disable this warning
2020-05-28 22:51:07.101  INFO 2220 --- [    Test worker] o.s.b.a.w.s.WelcomePageHandlerMapping    : Adding welcome page template: index
2020-05-28 22:51:07.513  INFO 2220 --- [    Test worker] s.a.ScheduledAnnotationBeanPostProcessor : No TaskScheduler/ScheduledExecutorService bean found for scheduled processing
2020-05-28 22:51:07.555  INFO 2220 --- [    Test worker] o.s.b.w.embedded.tomcat.TomcatWebServer  : Tomcat started on port(s): 50175 (http) with context path ''
2020-05-28 22:51:07.556  INFO 2220 --- [    Test worker] c.j.b.s.web.IndexControllerTest          : Started IndexControllerTest in 3.435 seconds (JVM running for 28.227)
2020-05-28 22:51:07.749  INFO 2220 --- [o-auto-1-exec-1] o.a.c.c.C.[Tomcat].[localhost].[/]       : Initializing Spring DispatcherServlet 'dispatcherServlet'
2020-05-28 22:51:07.750  INFO 2220 --- [o-auto-1-exec-1] o.s.web.servlet.DispatcherServlet        : Initializing Servlet 'dispatcherServlet'
2020-05-28 22:51:07.774  INFO 2220 --- [o-auto-1-exec-1] o.s.web.servlet.DispatcherServlet        : Completed initialization in 24 ms
Hibernate: select posts0_.id as id1_0_, posts0_.created_date as created_2_0_, posts0_.modified_date as modified3_0_, posts0_.author as author4_0_, posts0_.content as content5_0_, posts0_.title as title6_0_ from posts posts0_ order by posts0_.id DESC
]]></system-out>
  <system-err><![CDATA[]]></system-err>
</testsuite>
