<?xml version="1.0" encoding="UTF-8"?>
<testsuite name="com.jojoldu.book.springboot.web.IndexControllerTest" tests="1" skipped="0" failures="0" errors="0" timestamp="2020-05-24T14:30:41" hostname="doo" time="0.479">
  <properties/>
  <testcase name="메인페이지_로딩" classname="com.jojoldu.book.springboot.web.IndexControllerTest" time="0.479"/>
  <system-out><![CDATA[2020-05-24 23:30:38.458  INFO 1040 --- [    Test worker] .b.t.c.SpringBootTestContextBootstrapper : Neither @ContextConfiguration nor @ContextHierarchy found for test class [com.jojoldu.book.springboot.web.IndexControllerTest], using SpringBootContextLoader
2020-05-24 23:30:38.460  INFO 1040 --- [    Test worker] o.s.t.c.support.AbstractContextLoader    : Could not detect default resource locations for test class [com.jojoldu.book.springboot.web.IndexControllerTest]: no resource found for suffixes {-context.xml, Context.groovy}.
2020-05-24 23:30:38.460  INFO 1040 --- [    Test worker] t.c.s.AnnotationConfigContextLoaderUtils : Could not detect default configuration classes for test class [com.jojoldu.book.springboot.web.IndexControllerTest]: IndexControllerTest does not declare any static, non-private, non-final, nested classes annotated with @Configuration.
2020-05-24 23:30:38.461  INFO 1040 --- [    Test worker] .b.t.c.SpringBootTestContextBootstrapper : Found @SpringBootConfiguration com.jojoldu.book.springboot.Application for test class com.jojoldu.book.springboot.web.IndexControllerTest
2020-05-24 23:30:38.463  INFO 1040 --- [    Test worker] .b.t.c.SpringBootTestContextBootstrapper : Loaded default TestExecutionListener class names from location [META-INF/spring.factories]: [org.springframework.security.test.context.support.WithSecurityContextTestExecutionListener, org.springframework.security.test.context.support.ReactorContextTestExecutionListener, org.springframework.boot.test.autoconfigure.restdocs.RestDocsTestExecutionListener, org.springframework.boot.test.autoconfigure.web.client.MockRestServiceServerResetTestExecutionListener, org.springframework.boot.test.autoconfigure.web.servlet.MockMvcPrintOnlyOnFailureTestExecutionListener, org.springframework.boot.test.autoconfigure.web.servlet.WebDriverTestExecutionListener, org.springframework.boot.test.mock.mockito.MockitoTestExecutionListener, org.springframework.boot.test.mock.mockito.ResetMocksTestExecutionListener, org.springframework.test.context.web.ServletTestExecutionListener, org.springframework.test.context.support.DirtiesContextBeforeModesTestExecutionListener, org.springframework.test.context.support.DependencyInjectionTestExecutionListener, org.springframework.test.context.support.DirtiesContextTestExecutionListener, org.springframework.test.context.transaction.TransactionalTestExecutionListener, org.springframework.test.context.jdbc.SqlScriptsTestExecutionListener]
2020-05-24 23:30:38.464  INFO 1040 --- [    Test worker] .b.t.c.SpringBootTestContextBootstrapper : Using TestExecutionListeners: [org.springframework.test.context.web.ServletTestExecutionListener@10352d, org.springframework.test.context.support.DirtiesContextBeforeModesTestExecutionListener@141b2b0, org.springframework.boot.test.mock.mockito.MockitoTestExecutionListener@1f656c5, org.springframework.boot.test.autoconfigure.SpringBootDependencyInjectionTestExecutionListener@ba84f6, org.springframework.test.context.support.DirtiesContextTestExecutionListener@17a66d1, org.springframework.test.context.transaction.TransactionalTestExecutionListener@142893c, org.springframework.test.context.jdbc.SqlScriptsTestExecutionListener@da36f, org.springframework.security.test.context.support.WithSecurityContextTestExecutionListener@761fac, org.springframework.security.test.context.support.ReactorContextTestExecutionListener@a2b45d, org.springframework.boot.test.autoconfigure.restdocs.RestDocsTestExecutionListener@11accdc, org.springframework.boot.test.autoconfigure.web.client.MockRestServiceServerResetTestExecutionListener@c90dcb, org.springframework.boot.test.autoconfigure.web.servlet.MockMvcPrintOnlyOnFailureTestExecutionListener@bced01, org.springframework.boot.test.autoconfigure.web.servlet.WebDriverTestExecutionListener@17fbad7, org.springframework.boot.test.mock.mockito.ResetMocksTestExecutionListener@b0f988]

  .   ____          _            __ _ _
 /\\ / ___'_ __ _ _(_)_ __  __ _ \ \ \ \
( ( )\___ | '_ | '_| | '_ \/ _` | \ \ \ \
 \\/  ___)| |_)| | | | | || (_| |  ) ) ) )
  '  |____| .__|_| |_|_| |_\__, | / / / /
 =========|_|==============|___/=/_/_/_/
 :: Spring Boot ::        (v2.1.7.RELEASE)

2020-05-24 23:30:38.516  INFO 1040 --- [    Test worker] c.j.b.s.web.IndexControllerTest          : Starting IndexControllerTest on doo with PID 1040 (started by 이두영 in C:\Users\이두영\IdeaProjects\freelec-springboot2-webservice)
2020-05-24 23:30:38.517  INFO 1040 --- [    Test worker] c.j.b.s.web.IndexControllerTest          : No active profile set, falling back to default profiles: default
2020-05-24 23:30:38.825  INFO 1040 --- [    Test worker] .s.d.r.c.RepositoryConfigurationDelegate : Bootstrapping Spring Data repositories in DEFAULT mode.
2020-05-24 23:30:38.869  INFO 1040 --- [    Test worker] .s.d.r.c.RepositoryConfigurationDelegate : Finished Spring Data repository scanning in 44ms. Found 2 repository interfaces.
2020-05-24 23:30:39.001  INFO 1040 --- [    Test worker] trationDelegate$BeanPostProcessorChecker : Bean 'org.springframework.transaction.annotation.ProxyTransactionManagementConfiguration' of type [org.springframework.transaction.annotation.ProxyTransactionManagementConfiguration$$EnhancerBySpringCGLIB$$c8038c1a] is not eligible for getting processed by all BeanPostProcessors (for example: not eligible for auto-proxying)
2020-05-24 23:30:39.410  INFO 1040 --- [    Test worker] o.s.b.w.embedded.tomcat.TomcatWebServer  : Tomcat initialized with port(s): 0 (http)
2020-05-24 23:30:39.448  INFO 1040 --- [    Test worker] o.apache.catalina.core.StandardService   : Starting service [Tomcat]
2020-05-24 23:30:39.449  INFO 1040 --- [    Test worker] org.apache.catalina.core.StandardEngine  : Starting Servlet engine: [Apache Tomcat/9.0.22]
2020-05-24 23:30:39.763  INFO 1040 --- [    Test worker] o.a.c.c.C.[Tomcat].[localhost].[/]       : Initializing Spring embedded WebApplicationContext
2020-05-24 23:30:39.763  INFO 1040 --- [    Test worker] o.s.web.context.ContextLoader            : Root WebApplicationContext: initialization completed in 1243 ms
2020-05-24 23:30:39.976  INFO 1040 --- [    Test worker] com.zaxxer.hikari.HikariDataSource       : HikariPool-2 - Starting...
2020-05-24 23:30:40.041  INFO 1040 --- [    Test worker] com.zaxxer.hikari.HikariDataSource       : HikariPool-2 - Start completed.
2020-05-24 23:30:40.098  INFO 1040 --- [    Test worker] o.hibernate.jpa.internal.util.LogHelper  : HHH000204: Processing PersistenceUnitInfo [
	name: default
	...]
2020-05-24 23:30:40.115  INFO 1040 --- [    Test worker] org.hibernate.dialect.Dialect            : HHH000400: Using dialect: org.hibernate.dialect.MySQL5InnoDBDialect
2020-05-24 23:30:40.171  INFO 1040 --- [    Test worker] j.LocalContainerEntityManagerFactoryBean : Initialized JPA EntityManagerFactory for persistence unit 'default'
2020-05-24 23:30:40.603  INFO 1040 --- [    Test worker] o.h.h.i.QueryTranslatorFactoryInitiator  : HHH000397: Using ASTQueryTranslatorFactory
2020-05-24 23:30:40.932  INFO 1040 --- [    Test worker] o.s.s.web.DefaultSecurityFilterChain     : Creating filter chain: any request, [org.springframework.security.web.context.request.async.WebAsyncManagerIntegrationFilter@4cf8ec, org.springframework.security.web.context.SecurityContextPersistenceFilter@650d0a, org.springframework.security.web.header.HeaderWriterFilter@e28773, org.springframework.security.web.authentication.logout.LogoutFilter@1d68e12, org.springframework.security.oauth2.client.web.OAuth2AuthorizationRequestRedirectFilter@a150c1, org.springframework.security.oauth2.client.web.OAuth2LoginAuthenticationFilter@16c139d, org.springframework.security.web.authentication.ui.DefaultLoginPageGeneratingFilter@137cae3, org.springframework.security.web.authentication.ui.DefaultLogoutPageGeneratingFilter@1756c2e, org.springframework.security.web.savedrequest.RequestCacheAwareFilter@1c107b1, org.springframework.security.web.servletapi.SecurityContextHolderAwareRequestFilter@1a6d4a5, org.springframework.security.web.authentication.AnonymousAuthenticationFilter@1f20159, org.springframework.security.web.session.SessionManagementFilter@f45cf, org.springframework.security.web.access.ExceptionTranslationFilter@84a9ee, org.springframework.security.web.access.intercept.FilterSecurityInterceptor@18fdde6]
2020-05-24 23:30:41.205  INFO 1040 --- [    Test worker] o.s.s.concurrent.ThreadPoolTaskExecutor  : Initializing ExecutorService 'applicationTaskExecutor'
2020-05-24 23:30:41.225  WARN 1040 --- [    Test worker] aWebConfiguration$JpaWebMvcConfiguration : spring.jpa.open-in-view is enabled by default. Therefore, database queries may be performed during view rendering. Explicitly configure spring.jpa.open-in-view to disable this warning
2020-05-24 23:30:41.266  INFO 1040 --- [    Test worker] o.s.b.a.w.s.WelcomePageHandlerMapping    : Adding welcome page template: index
2020-05-24 23:30:41.679  INFO 1040 --- [    Test worker] s.a.ScheduledAnnotationBeanPostProcessor : No TaskScheduler/ScheduledExecutorService bean found for scheduled processing
2020-05-24 23:30:41.729  INFO 1040 --- [    Test worker] o.s.b.w.embedded.tomcat.TomcatWebServer  : Tomcat started on port(s): 52333 (http) with context path ''
2020-05-24 23:30:41.730  INFO 1040 --- [    Test worker] c.j.b.s.web.IndexControllerTest          : Started IndexControllerTest in 3.263 seconds (JVM running for 20.525)
2020-05-24 23:30:42.051  INFO 1040 --- [o-auto-1-exec-1] o.a.c.c.C.[Tomcat].[localhost].[/]       : Initializing Spring DispatcherServlet 'dispatcherServlet'
2020-05-24 23:30:42.051  INFO 1040 --- [o-auto-1-exec-1] o.s.web.servlet.DispatcherServlet        : Initializing Servlet 'dispatcherServlet'
2020-05-24 23:30:42.071  INFO 1040 --- [o-auto-1-exec-1] o.s.web.servlet.DispatcherServlet        : Completed initialization in 20 ms
Hibernate: select posts0_.id as id1_0_, posts0_.created_date as created_2_0_, posts0_.modified_date as modified3_0_, posts0_.author as author4_0_, posts0_.content as content5_0_, posts0_.title as title6_0_ from posts posts0_ order by posts0_.id DESC
]]></system-out>
  <system-err><![CDATA[]]></system-err>
</testsuite>
